<?xml version="1.0" encoding="UTF-8"?>
<testng-results ignored="0" total="1" passed="1" failed="0" skipped="0">
  <reporter-output>
  </reporter-output>
  <suite started-at="2023-04-02T19:47:14 IST" name="Default suite" finished-at="2023-04-02T19:47:47 IST" duration-ms="33033">
    <groups>
    </groups>
    <test started-at="2023-04-02T19:47:14 IST" name="Default test" finished-at="2023-04-02T19:47:47 IST" duration-ms="33033">
      <class name="TestCases.BusBooking">
        <test-method signature="Buses()[pri:0, instance:TestCases.BusBooking@6973b51b]" started-at="2023-04-02T19:47:14 IST" name="Buses" finished-at="2023-04-02T19:47:47 IST" duration-ms="32967" status="PASS">
          <reporter-output>
          </reporter-output>
        </test-method> <!-- Buses -->
      </class> <!-- TestCases.BusBooking -->
    </test> <!-- Default test -->
  </suite> <!-- Default suite -->
</testng-results>
